Terminals which are not used

   '%'
   '~'
   '.'
   TOKEN_ERROR
   ELSE
   LOWER_THAN_ELSE


State 125 conflicts: 1 shift/reduce


Grammar

    0 $accept: programa $end

    1 programa: lista_declaracoes

    2 lista_declaracoes: declaracao
    3                  | lista_declaracoes declaracao

    4 declaracao: declaracao_variavel ';'
    5           | declaracao_vetor ';'
    6           | declaracao_funcao

    7 declaracao_variavel: tipo TK_IDENTIFIER ':' valor_inicial

    8 declaracao_vetor: tipo TK_IDENTIFIER '[' LIT_INT ']' ':' valores_iniciais
    9                 | tipo TK_IDENTIFIER '[' LIT_INT ']'

   10 declaracao_funcao: tipo TK_IDENTIFIER '(' lista_parametros ')' bloco
   11                  | tipo TK_IDENTIFIER '(' ')' bloco

   12 parametro: tipo TK_IDENTIFIER

   13 tipo: KW_CHAR
   14     | KW_FLOAT
   15     | KW_BOOL
   16     | KW_INT

   17 valor_inicial: LIT_INT
   18              | LIT_CHAR
   19              | LIT_REAL
   20              | LIT_FALSE
   21              | LIT_TRUE
   22              | LIT_STRING

   23 valores_iniciais: valor_inicial
   24                 | valor_inicial valores_iniciais

   25 bloco: '{' lista_comandos '}'
   26      | '{' '}'

   27 comando: atribuicao
   28        | controle_fluxo
   29        | KW_READ tipo TK_IDENTIFIER ';'
   30        | KW_PRINT LIT_STRING ';'
   31        | KW_PRINT tipo expressao ';'
   32        | KW_RETURN expressao ';'
   33        | bloco
   34        | ';'

   35 atribuicao: TK_IDENTIFIER '=' expressao ';'
   36           | vetor '=' expressao ';'

   37 vetor: TK_IDENTIFIER '[' LIT_INT ']'
   38      | TK_IDENTIFIER '[' TK_IDENTIFIER ']'

   39 controle_fluxo: KW_IF '(' expressao ')' comando controle_fluxo_if
   40               | KW_WHILE '(' expressao ')' bloco

   41 controle_fluxo_if: /* empty */
   42                  | KW_ELSE comando

   43 expressao: expressao '+' expressao
   44          | expressao '-' expressao
   45          | expressao '*' expressao
   46          | expressao '/' expressao
   47          | expressao '<' expressao
   48          | expressao '>' expressao
   49          | expressao '|' expressao
   50          | expressao '&' expressao
   51          | expressao OPERATOR_LE expressao
   52          | expressao OPERATOR_GE expressao
   53          | expressao OPERATOR_EQ expressao
   54          | expressao OPERATOR_DIF expressao
   55          | '(' expressao ')'
   56          | TK_IDENTIFIER
   57          | vetor
   58          | LIT_INT
   59          | LIT_CHAR
   60          | LIT_REAL
   61          | LIT_FALSE
   62          | LIT_TRUE
   63          | chamada_funcao

   64 lista_comandos: comando
   65               | comando lista_comandos

   66 lista_chamada: /* empty */
   67              | expressao ',' lista_chamada
   68              | expressao

   69 lista_parametros: parametro ',' lista_parametros
   70                 | parametro

   71 chamada_funcao: TK_IDENTIFIER '(' lista_chamada ')'


Terminals, with rules where they appear

$end (0) 0
'%' (37)
'&' (38) 50
'(' (40) 10 11 39 40 55 71
')' (41) 10 11 39 40 55 71
'*' (42) 45
'+' (43) 43
',' (44) 67 69
'-' (45) 44
'.' (46)
'/' (47) 46
':' (58) 7 8
';' (59) 4 5 29 30 31 32 34 35 36
'<' (60) 47
'=' (61) 35 36
'>' (62) 48
'[' (91) 8 9 37 38
']' (93) 8 9 37 38
'{' (123) 25 26
'|' (124) 49
'}' (125) 25 26
'~' (126)
error (256)
KW_CHAR (258) 13
KW_INT (259) 16
KW_FLOAT (260) 14
KW_BOOL (261) 15
KW_IF (262) 39
KW_ELSE (263) 42
KW_WHILE (264) 40
KW_READ (265) 29
KW_PRINT (266) 30 31
KW_RETURN (267) 32
OPERATOR_LE (268) 51
OPERATOR_GE (269) 52
OPERATOR_EQ (270) 53
OPERATOR_DIF (271) 54
TK_IDENTIFIER (272) 7 8 9 10 11 12 29 35 37 38 56 71
LIT_INT (273) 8 9 17 37 58
LIT_CHAR (274) 18 59
LIT_REAL (275) 19 60
LIT_FALSE (276) 20 61
LIT_TRUE (277) 21 62
LIT_STRING (278) 22 30
TOKEN_ERROR (279)
ELSE (280)
LOWER_THAN_ELSE (281)


Nonterminals, with rules where they appear

$accept (48)
    on left: 0
programa (49)
    on left: 1, on right: 0
lista_declaracoes (50)
    on left: 2 3, on right: 1 3
declaracao (51)
    on left: 4 5 6, on right: 2 3
declaracao_variavel (52)
    on left: 7, on right: 4
declaracao_vetor (53)
    on left: 8 9, on right: 5
declaracao_funcao (54)
    on left: 10 11, on right: 6
parametro (55)
    on left: 12, on right: 69 70
tipo (56)
    on left: 13 14 15 16, on right: 7 8 9 10 11 12 29 31
valor_inicial (57)
    on left: 17 18 19 20 21 22, on right: 7 23 24
valores_iniciais (58)
    on left: 23 24, on right: 8 24
bloco (59)
    on left: 25 26, on right: 10 11 33 40
comando (60)
    on left: 27 28 29 30 31 32 33 34, on right: 39 42 64 65
atribuicao (61)
    on left: 35 36, on right: 27
vetor (62)
    on left: 37 38, on right: 36 57
controle_fluxo (63)
    on left: 39 40, on right: 28
controle_fluxo_if (64)
    on left: 41 42, on right: 39
expressao (65)
    on left: 43 44 45 46 47 48 49 50 51 52 53 54 55 56 57 58 59 60
    61 62 63, on right: 31 32 35 36 39 40 43 44 45 46 47 48 49 50 51
    52 53 54 55 67 68
lista_comandos (66)
    on left: 64 65, on right: 25 65
lista_chamada (67)
    on left: 66 67 68, on right: 67 71
lista_parametros (68)
    on left: 69 70, on right: 10 69
chamada_funcao (69)
    on left: 71, on right: 63


state 0

    0 $accept: . programa $end

    KW_CHAR   shift, and go to state 1
    KW_INT    shift, and go to state 2
    KW_FLOAT  shift, and go to state 3
    KW_BOOL   shift, and go to state 4

    programa             go to state 5
    lista_declaracoes    go to state 6
    declaracao           go to state 7
    declaracao_variavel  go to state 8
    declaracao_vetor     go to state 9
    declaracao_funcao    go to state 10
    tipo                 go to state 11


state 1

   13 tipo: KW_CHAR .

    $default  reduce using rule 13 (tipo)


state 2

   16 tipo: KW_INT .

    $default  reduce using rule 16 (tipo)


state 3

   14 tipo: KW_FLOAT .

    $default  reduce using rule 14 (tipo)


state 4

   15 tipo: KW_BOOL .

    $default  reduce using rule 15 (tipo)


state 5

    0 $accept: programa . $end

    $end  shift, and go to state 12


state 6

    1 programa: lista_declaracoes .
    3 lista_declaracoes: lista_declaracoes . declaracao

    KW_CHAR   shift, and go to state 1
    KW_INT    shift, and go to state 2
    KW_FLOAT  shift, and go to state 3
    KW_BOOL   shift, and go to state 4

    $default  reduce using rule 1 (programa)

    declaracao           go to state 13
    declaracao_variavel  go to state 8
    declaracao_vetor     go to state 9
    declaracao_funcao    go to state 10
    tipo                 go to state 11


state 7

    2 lista_declaracoes: declaracao .

    $default  reduce using rule 2 (lista_declaracoes)


state 8

    4 declaracao: declaracao_variavel . ';'

    ';'  shift, and go to state 14


state 9

    5 declaracao: declaracao_vetor . ';'

    ';'  shift, and go to state 15


state 10

    6 declaracao: declaracao_funcao .

    $default  reduce using rule 6 (declaracao)


state 11

    7 declaracao_variavel: tipo . TK_IDENTIFIER ':' valor_inicial
    8 declaracao_vetor: tipo . TK_IDENTIFIER '[' LIT_INT ']' ':' valores_iniciais
    9                 | tipo . TK_IDENTIFIER '[' LIT_INT ']'
   10 declaracao_funcao: tipo . TK_IDENTIFIER '(' lista_parametros ')' bloco
   11                  | tipo . TK_IDENTIFIER '(' ')' bloco

    TK_IDENTIFIER  shift, and go to state 16


state 12

    0 $accept: programa $end .

    $default  accept


state 13

    3 lista_declaracoes: lista_declaracoes declaracao .

    $default  reduce using rule 3 (lista_declaracoes)


state 14

    4 declaracao: declaracao_variavel ';' .

    $default  reduce using rule 4 (declaracao)


state 15

    5 declaracao: declaracao_vetor ';' .

    $default  reduce using rule 5 (declaracao)


state 16

    7 declaracao_variavel: tipo TK_IDENTIFIER . ':' valor_inicial
    8 declaracao_vetor: tipo TK_IDENTIFIER . '[' LIT_INT ']' ':' valores_iniciais
    9                 | tipo TK_IDENTIFIER . '[' LIT_INT ']'
   10 declaracao_funcao: tipo TK_IDENTIFIER . '(' lista_parametros ')' bloco
   11                  | tipo TK_IDENTIFIER . '(' ')' bloco

    ':'  shift, and go to state 17
    '('  shift, and go to state 18
    '['  shift, and go to state 19


state 17

    7 declaracao_variavel: tipo TK_IDENTIFIER ':' . valor_inicial

    LIT_INT     shift, and go to state 20
    LIT_CHAR    shift, and go to state 21
    LIT_REAL    shift, and go to state 22
    LIT_FALSE   shift, and go to state 23
    LIT_TRUE    shift, and go to state 24
    LIT_STRING  shift, and go to state 25

    valor_inicial  go to state 26


state 18

   10 declaracao_funcao: tipo TK_IDENTIFIER '(' . lista_parametros ')' bloco
   11                  | tipo TK_IDENTIFIER '(' . ')' bloco

    KW_CHAR   shift, and go to state 1
    KW_INT    shift, and go to state 2
    KW_FLOAT  shift, and go to state 3
    KW_BOOL   shift, and go to state 4
    ')'       shift, and go to state 27

    parametro         go to state 28
    tipo              go to state 29
    lista_parametros  go to state 30


state 19

    8 declaracao_vetor: tipo TK_IDENTIFIER '[' . LIT_INT ']' ':' valores_iniciais
    9                 | tipo TK_IDENTIFIER '[' . LIT_INT ']'

    LIT_INT  shift, and go to state 31


state 20

   17 valor_inicial: LIT_INT .

    $default  reduce using rule 17 (valor_inicial)


state 21

   18 valor_inicial: LIT_CHAR .

    $default  reduce using rule 18 (valor_inicial)


state 22

   19 valor_inicial: LIT_REAL .

    $default  reduce using rule 19 (valor_inicial)


state 23

   20 valor_inicial: LIT_FALSE .

    $default  reduce using rule 20 (valor_inicial)


state 24

   21 valor_inicial: LIT_TRUE .

    $default  reduce using rule 21 (valor_inicial)


state 25

   22 valor_inicial: LIT_STRING .

    $default  reduce using rule 22 (valor_inicial)


state 26

    7 declaracao_variavel: tipo TK_IDENTIFIER ':' valor_inicial .

    $default  reduce using rule 7 (declaracao_variavel)


state 27

   11 declaracao_funcao: tipo TK_IDENTIFIER '(' ')' . bloco

    '{'  shift, and go to state 32

    bloco  go to state 33


state 28

   69 lista_parametros: parametro . ',' lista_parametros
   70                 | parametro .

    ','  shift, and go to state 34

    $default  reduce using rule 70 (lista_parametros)


state 29

   12 parametro: tipo . TK_IDENTIFIER

    TK_IDENTIFIER  shift, and go to state 35


state 30

   10 declaracao_funcao: tipo TK_IDENTIFIER '(' lista_parametros . ')' bloco

    ')'  shift, and go to state 36


state 31

    8 declaracao_vetor: tipo TK_IDENTIFIER '[' LIT_INT . ']' ':' valores_iniciais
    9                 | tipo TK_IDENTIFIER '[' LIT_INT . ']'

    ']'  shift, and go to state 37


state 32

   25 bloco: '{' . lista_comandos '}'
   26      | '{' . '}'

    KW_IF          shift, and go to state 38
    KW_WHILE       shift, and go to state 39
    KW_READ        shift, and go to state 40
    KW_PRINT       shift, and go to state 41
    KW_RETURN      shift, and go to state 42
    ';'            shift, and go to state 43
    '{'            shift, and go to state 32
    '}'            shift, and go to state 44
    TK_IDENTIFIER  shift, and go to state 45

    bloco           go to state 46
    comando         go to state 47
    atribuicao      go to state 48
    vetor           go to state 49
    controle_fluxo  go to state 50
    lista_comandos  go to state 51


state 33

   11 declaracao_funcao: tipo TK_IDENTIFIER '(' ')' bloco .

    $default  reduce using rule 11 (declaracao_funcao)


state 34

   69 lista_parametros: parametro ',' . lista_parametros

    KW_CHAR   shift, and go to state 1
    KW_INT    shift, and go to state 2
    KW_FLOAT  shift, and go to state 3
    KW_BOOL   shift, and go to state 4

    parametro         go to state 28
    tipo              go to state 29
    lista_parametros  go to state 52


state 35

   12 parametro: tipo TK_IDENTIFIER .

    $default  reduce using rule 12 (parametro)


state 36

   10 declaracao_funcao: tipo TK_IDENTIFIER '(' lista_parametros ')' . bloco

    '{'  shift, and go to state 32

    bloco  go to state 53


state 37

    8 declaracao_vetor: tipo TK_IDENTIFIER '[' LIT_INT ']' . ':' valores_iniciais
    9                 | tipo TK_IDENTIFIER '[' LIT_INT ']' .

    ':'  shift, and go to state 54

    $default  reduce using rule 9 (declaracao_vetor)


state 38

   39 controle_fluxo: KW_IF . '(' expressao ')' comando controle_fluxo_if

    '('  shift, and go to state 55


state 39

   40 controle_fluxo: KW_WHILE . '(' expressao ')' bloco

    '('  shift, and go to state 56


state 40

   29 comando: KW_READ . tipo TK_IDENTIFIER ';'

    KW_CHAR   shift, and go to state 1
    KW_INT    shift, and go to state 2
    KW_FLOAT  shift, and go to state 3
    KW_BOOL   shift, and go to state 4

    tipo  go to state 57


state 41

   30 comando: KW_PRINT . LIT_STRING ';'
   31        | KW_PRINT . tipo expressao ';'

    KW_CHAR     shift, and go to state 1
    KW_INT      shift, and go to state 2
    KW_FLOAT    shift, and go to state 3
    KW_BOOL     shift, and go to state 4
    LIT_STRING  shift, and go to state 58

    tipo  go to state 59


state 42

   32 comando: KW_RETURN . expressao ';'

    '('            shift, and go to state 60
    TK_IDENTIFIER  shift, and go to state 61
    LIT_INT        shift, and go to state 62
    LIT_CHAR       shift, and go to state 63
    LIT_REAL       shift, and go to state 64
    LIT_FALSE      shift, and go to state 65
    LIT_TRUE       shift, and go to state 66

    vetor           go to state 67
    expressao       go to state 68
    chamada_funcao  go to state 69


state 43

   34 comando: ';' .

    $default  reduce using rule 34 (comando)


state 44

   26 bloco: '{' '}' .

    $default  reduce using rule 26 (bloco)


state 45

   35 atribuicao: TK_IDENTIFIER . '=' expressao ';'
   37 vetor: TK_IDENTIFIER . '[' LIT_INT ']'
   38      | TK_IDENTIFIER . '[' TK_IDENTIFIER ']'

    '['  shift, and go to state 70
    '='  shift, and go to state 71


state 46

   33 comando: bloco .

    $default  reduce using rule 33 (comando)


state 47

   64 lista_comandos: comando .
   65               | comando . lista_comandos

    KW_IF          shift, and go to state 38
    KW_WHILE       shift, and go to state 39
    KW_READ        shift, and go to state 40
    KW_PRINT       shift, and go to state 41
    KW_RETURN      shift, and go to state 42
    ';'            shift, and go to state 43
    '{'            shift, and go to state 32
    TK_IDENTIFIER  shift, and go to state 45

    $default  reduce using rule 64 (lista_comandos)

    bloco           go to state 46
    comando         go to state 47
    atribuicao      go to state 48
    vetor           go to state 49
    controle_fluxo  go to state 50
    lista_comandos  go to state 72


state 48

   27 comando: atribuicao .

    $default  reduce using rule 27 (comando)


state 49

   36 atribuicao: vetor . '=' expressao ';'

    '='  shift, and go to state 73


state 50

   28 comando: controle_fluxo .

    $default  reduce using rule 28 (comando)


state 51

   25 bloco: '{' lista_comandos . '}'

    '}'  shift, and go to state 74


state 52

   69 lista_parametros: parametro ',' lista_parametros .

    $default  reduce using rule 69 (lista_parametros)


state 53

   10 declaracao_funcao: tipo TK_IDENTIFIER '(' lista_parametros ')' bloco .

    $default  reduce using rule 10 (declaracao_funcao)


state 54

    8 declaracao_vetor: tipo TK_IDENTIFIER '[' LIT_INT ']' ':' . valores_iniciais

    LIT_INT     shift, and go to state 20
    LIT_CHAR    shift, and go to state 21
    LIT_REAL    shift, and go to state 22
    LIT_FALSE   shift, and go to state 23
    LIT_TRUE    shift, and go to state 24
    LIT_STRING  shift, and go to state 25

    valor_inicial     go to state 75
    valores_iniciais  go to state 76


state 55

   39 controle_fluxo: KW_IF '(' . expressao ')' comando controle_fluxo_if

    '('            shift, and go to state 60
    TK_IDENTIFIER  shift, and go to state 61
    LIT_INT        shift, and go to state 62
    LIT_CHAR       shift, and go to state 63
    LIT_REAL       shift, and go to state 64
    LIT_FALSE      shift, and go to state 65
    LIT_TRUE       shift, and go to state 66

    vetor           go to state 67
    expressao       go to state 77
    chamada_funcao  go to state 69


state 56

   40 controle_fluxo: KW_WHILE '(' . expressao ')' bloco

    '('            shift, and go to state 60
    TK_IDENTIFIER  shift, and go to state 61
    LIT_INT        shift, and go to state 62
    LIT_CHAR       shift, and go to state 63
    LIT_REAL       shift, and go to state 64
    LIT_FALSE      shift, and go to state 65
    LIT_TRUE       shift, and go to state 66

    vetor           go to state 67
    expressao       go to state 78
    chamada_funcao  go to state 69


state 57

   29 comando: KW_READ tipo . TK_IDENTIFIER ';'

    TK_IDENTIFIER  shift, and go to state 79


state 58

   30 comando: KW_PRINT LIT_STRING . ';'

    ';'  shift, and go to state 80


state 59

   31 comando: KW_PRINT tipo . expressao ';'

    '('            shift, and go to state 60
    TK_IDENTIFIER  shift, and go to state 61
    LIT_INT        shift, and go to state 62
    LIT_CHAR       shift, and go to state 63
    LIT_REAL       shift, and go to state 64
    LIT_FALSE      shift, and go to state 65
    LIT_TRUE       shift, and go to state 66

    vetor           go to state 67
    expressao       go to state 81
    chamada_funcao  go to state 69


state 60

   55 expressao: '(' . expressao ')'

    '('            shift, and go to state 60
    TK_IDENTIFIER  shift, and go to state 61
    LIT_INT        shift, and go to state 62
    LIT_CHAR       shift, and go to state 63
    LIT_REAL       shift, and go to state 64
    LIT_FALSE      shift, and go to state 65
    LIT_TRUE       shift, and go to state 66

    vetor           go to state 67
    expressao       go to state 82
    chamada_funcao  go to state 69


state 61

   37 vetor: TK_IDENTIFIER . '[' LIT_INT ']'
   38      | TK_IDENTIFIER . '[' TK_IDENTIFIER ']'
   56 expressao: TK_IDENTIFIER .
   71 chamada_funcao: TK_IDENTIFIER . '(' lista_chamada ')'

    '('  shift, and go to state 83
    '['  shift, and go to state 70

    $default  reduce using rule 56 (expressao)


state 62

   58 expressao: LIT_INT .

    $default  reduce using rule 58 (expressao)


state 63

   59 expressao: LIT_CHAR .

    $default  reduce using rule 59 (expressao)


state 64

   60 expressao: LIT_REAL .

    $default  reduce using rule 60 (expressao)


state 65

   61 expressao: LIT_FALSE .

    $default  reduce using rule 61 (expressao)


state 66

   62 expressao: LIT_TRUE .

    $default  reduce using rule 62 (expressao)


state 67

   57 expressao: vetor .

    $default  reduce using rule 57 (expressao)


state 68

   32 comando: KW_RETURN expressao . ';'
   43 expressao: expressao . '+' expressao
   44          | expressao . '-' expressao
   45          | expressao . '*' expressao
   46          | expressao . '/' expressao
   47          | expressao . '<' expressao
   48          | expressao . '>' expressao
   49          | expressao . '|' expressao
   50          | expressao . '&' expressao
   51          | expressao . OPERATOR_LE expressao
   52          | expressao . OPERATOR_GE expressao
   53          | expressao . OPERATOR_EQ expressao
   54          | expressao . OPERATOR_DIF expressao

    OPERATOR_LE   shift, and go to state 84
    OPERATOR_GE   shift, and go to state 85
    OPERATOR_EQ   shift, and go to state 86
    OPERATOR_DIF  shift, and go to state 87
    ';'           shift, and go to state 88
    '+'           shift, and go to state 89
    '-'           shift, and go to state 90
    '*'           shift, and go to state 91
    '/'           shift, and go to state 92
    '<'           shift, and go to state 93
    '>'           shift, and go to state 94
    '&'           shift, and go to state 95
    '|'           shift, and go to state 96


state 69

   63 expressao: chamada_funcao .

    $default  reduce using rule 63 (expressao)


state 70

   37 vetor: TK_IDENTIFIER '[' . LIT_INT ']'
   38      | TK_IDENTIFIER '[' . TK_IDENTIFIER ']'

    TK_IDENTIFIER  shift, and go to state 97
    LIT_INT        shift, and go to state 98


state 71

   35 atribuicao: TK_IDENTIFIER '=' . expressao ';'

    '('            shift, and go to state 60
    TK_IDENTIFIER  shift, and go to state 61
    LIT_INT        shift, and go to state 62
    LIT_CHAR       shift, and go to state 63
    LIT_REAL       shift, and go to state 64
    LIT_FALSE      shift, and go to state 65
    LIT_TRUE       shift, and go to state 66

    vetor           go to state 67
    expressao       go to state 99
    chamada_funcao  go to state 69


state 72

   65 lista_comandos: comando lista_comandos .

    $default  reduce using rule 65 (lista_comandos)


state 73

   36 atribuicao: vetor '=' . expressao ';'

    '('            shift, and go to state 60
    TK_IDENTIFIER  shift, and go to state 61
    LIT_INT        shift, and go to state 62
    LIT_CHAR       shift, and go to state 63
    LIT_REAL       shift, and go to state 64
    LIT_FALSE      shift, and go to state 65
    LIT_TRUE       shift, and go to state 66

    vetor           go to state 67
    expressao       go to state 100
    chamada_funcao  go to state 69


state 74

   25 bloco: '{' lista_comandos '}' .

    $default  reduce using rule 25 (bloco)


state 75

   23 valores_iniciais: valor_inicial .
   24                 | valor_inicial . valores_iniciais

    LIT_INT     shift, and go to state 20
    LIT_CHAR    shift, and go to state 21
    LIT_REAL    shift, and go to state 22
    LIT_FALSE   shift, and go to state 23
    LIT_TRUE    shift, and go to state 24
    LIT_STRING  shift, and go to state 25

    $default  reduce using rule 23 (valores_iniciais)

    valor_inicial     go to state 75
    valores_iniciais  go to state 101


state 76

    8 declaracao_vetor: tipo TK_IDENTIFIER '[' LIT_INT ']' ':' valores_iniciais .

    $default  reduce using rule 8 (declaracao_vetor)


state 77

   39 controle_fluxo: KW_IF '(' expressao . ')' comando controle_fluxo_if
   43 expressao: expressao . '+' expressao
   44          | expressao . '-' expressao
   45          | expressao . '*' expressao
   46          | expressao . '/' expressao
   47          | expressao . '<' expressao
   48          | expressao . '>' expressao
   49          | expressao . '|' expressao
   50          | expressao . '&' expressao
   51          | expressao . OPERATOR_LE expressao
   52          | expressao . OPERATOR_GE expressao
   53          | expressao . OPERATOR_EQ expressao
   54          | expressao . OPERATOR_DIF expressao

    OPERATOR_LE   shift, and go to state 84
    OPERATOR_GE   shift, and go to state 85
    OPERATOR_EQ   shift, and go to state 86
    OPERATOR_DIF  shift, and go to state 87
    ')'           shift, and go to state 102
    '+'           shift, and go to state 89
    '-'           shift, and go to state 90
    '*'           shift, and go to state 91
    '/'           shift, and go to state 92
    '<'           shift, and go to state 93
    '>'           shift, and go to state 94
    '&'           shift, and go to state 95
    '|'           shift, and go to state 96


state 78

   40 controle_fluxo: KW_WHILE '(' expressao . ')' bloco
   43 expressao: expressao . '+' expressao
   44          | expressao . '-' expressao
   45          | expressao . '*' expressao
   46          | expressao . '/' expressao
   47          | expressao . '<' expressao
   48          | expressao . '>' expressao
   49          | expressao . '|' expressao
   50          | expressao . '&' expressao
   51          | expressao . OPERATOR_LE expressao
   52          | expressao . OPERATOR_GE expressao
   53          | expressao . OPERATOR_EQ expressao
   54          | expressao . OPERATOR_DIF expressao

    OPERATOR_LE   shift, and go to state 84
    OPERATOR_GE   shift, and go to state 85
    OPERATOR_EQ   shift, and go to state 86
    OPERATOR_DIF  shift, and go to state 87
    ')'           shift, and go to state 103
    '+'           shift, and go to state 89
    '-'           shift, and go to state 90
    '*'           shift, and go to state 91
    '/'           shift, and go to state 92
    '<'           shift, and go to state 93
    '>'           shift, and go to state 94
    '&'           shift, and go to state 95
    '|'           shift, and go to state 96


state 79

   29 comando: KW_READ tipo TK_IDENTIFIER . ';'

    ';'  shift, and go to state 104


state 80

   30 comando: KW_PRINT LIT_STRING ';' .

    $default  reduce using rule 30 (comando)


state 81

   31 comando: KW_PRINT tipo expressao . ';'
   43 expressao: expressao . '+' expressao
   44          | expressao . '-' expressao
   45          | expressao . '*' expressao
   46          | expressao . '/' expressao
   47          | expressao . '<' expressao
   48          | expressao . '>' expressao
   49          | expressao . '|' expressao
   50          | expressao . '&' expressao
   51          | expressao . OPERATOR_LE expressao
   52          | expressao . OPERATOR_GE expressao
   53          | expressao . OPERATOR_EQ expressao
   54          | expressao . OPERATOR_DIF expressao

    OPERATOR_LE   shift, and go to state 84
    OPERATOR_GE   shift, and go to state 85
    OPERATOR_EQ   shift, and go to state 86
    OPERATOR_DIF  shift, and go to state 87
    ';'           shift, and go to state 105
    '+'           shift, and go to state 89
    '-'           shift, and go to state 90
    '*'           shift, and go to state 91
    '/'           shift, and go to state 92
    '<'           shift, and go to state 93
    '>'           shift, and go to state 94
    '&'           shift, and go to state 95
    '|'           shift, and go to state 96


state 82

   43 expressao: expressao . '+' expressao
   44          | expressao . '-' expressao
   45          | expressao . '*' expressao
   46          | expressao . '/' expressao
   47          | expressao . '<' expressao
   48          | expressao . '>' expressao
   49          | expressao . '|' expressao
   50          | expressao . '&' expressao
   51          | expressao . OPERATOR_LE expressao
   52          | expressao . OPERATOR_GE expressao
   53          | expressao . OPERATOR_EQ expressao
   54          | expressao . OPERATOR_DIF expressao
   55          | '(' expressao . ')'

    OPERATOR_LE   shift, and go to state 84
    OPERATOR_GE   shift, and go to state 85
    OPERATOR_EQ   shift, and go to state 86
    OPERATOR_DIF  shift, and go to state 87
    ')'           shift, and go to state 106
    '+'           shift, and go to state 89
    '-'           shift, and go to state 90
    '*'           shift, and go to state 91
    '/'           shift, and go to state 92
    '<'           shift, and go to state 93
    '>'           shift, and go to state 94
    '&'           shift, and go to state 95
    '|'           shift, and go to state 96


state 83

   71 chamada_funcao: TK_IDENTIFIER '(' . lista_chamada ')'

    '('            shift, and go to state 60
    TK_IDENTIFIER  shift, and go to state 61
    LIT_INT        shift, and go to state 62
    LIT_CHAR       shift, and go to state 63
    LIT_REAL       shift, and go to state 64
    LIT_FALSE      shift, and go to state 65
    LIT_TRUE       shift, and go to state 66

    $default  reduce using rule 66 (lista_chamada)

    vetor           go to state 67
    expressao       go to state 107
    lista_chamada   go to state 108
    chamada_funcao  go to state 69


state 84

   51 expressao: expressao OPERATOR_LE . expressao

    '('            shift, and go to state 60
    TK_IDENTIFIER  shift, and go to state 61
    LIT_INT        shift, and go to state 62
    LIT_CHAR       shift, and go to state 63
    LIT_REAL       shift, and go to state 64
    LIT_FALSE      shift, and go to state 65
    LIT_TRUE       shift, and go to state 66

    vetor           go to state 67
    expressao       go to state 109
    chamada_funcao  go to state 69


state 85

   52 expressao: expressao OPERATOR_GE . expressao

    '('            shift, and go to state 60
    TK_IDENTIFIER  shift, and go to state 61
    LIT_INT        shift, and go to state 62
    LIT_CHAR       shift, and go to state 63
    LIT_REAL       shift, and go to state 64
    LIT_FALSE      shift, and go to state 65
    LIT_TRUE       shift, and go to state 66

    vetor           go to state 67
    expressao       go to state 110
    chamada_funcao  go to state 69


state 86

   53 expressao: expressao OPERATOR_EQ . expressao

    '('            shift, and go to state 60
    TK_IDENTIFIER  shift, and go to state 61
    LIT_INT        shift, and go to state 62
    LIT_CHAR       shift, and go to state 63
    LIT_REAL       shift, and go to state 64
    LIT_FALSE      shift, and go to state 65
    LIT_TRUE       shift, and go to state 66

    vetor           go to state 67
    expressao       go to state 111
    chamada_funcao  go to state 69


state 87

   54 expressao: expressao OPERATOR_DIF . expressao

    '('            shift, and go to state 60
    TK_IDENTIFIER  shift, and go to state 61
    LIT_INT        shift, and go to state 62
    LIT_CHAR       shift, and go to state 63
    LIT_REAL       shift, and go to state 64
    LIT_FALSE      shift, and go to state 65
    LIT_TRUE       shift, and go to state 66

    vetor           go to state 67
    expressao       go to state 112
    chamada_funcao  go to state 69


state 88

   32 comando: KW_RETURN expressao ';' .

    $default  reduce using rule 32 (comando)


state 89

   43 expressao: expressao '+' . expressao

    '('            shift, and go to state 60
    TK_IDENTIFIER  shift, and go to state 61
    LIT_INT        shift, and go to state 62
    LIT_CHAR       shift, and go to state 63
    LIT_REAL       shift, and go to state 64
    LIT_FALSE      shift, and go to state 65
    LIT_TRUE       shift, and go to state 66

    vetor           go to state 67
    expressao       go to state 113
    chamada_funcao  go to state 69


state 90

   44 expressao: expressao '-' . expressao

    '('            shift, and go to state 60
    TK_IDENTIFIER  shift, and go to state 61
    LIT_INT        shift, and go to state 62
    LIT_CHAR       shift, and go to state 63
    LIT_REAL       shift, and go to state 64
    LIT_FALSE      shift, and go to state 65
    LIT_TRUE       shift, and go to state 66

    vetor           go to state 67
    expressao       go to state 114
    chamada_funcao  go to state 69


state 91

   45 expressao: expressao '*' . expressao

    '('            shift, and go to state 60
    TK_IDENTIFIER  shift, and go to state 61
    LIT_INT        shift, and go to state 62
    LIT_CHAR       shift, and go to state 63
    LIT_REAL       shift, and go to state 64
    LIT_FALSE      shift, and go to state 65
    LIT_TRUE       shift, and go to state 66

    vetor           go to state 67
    expressao       go to state 115
    chamada_funcao  go to state 69


state 92

   46 expressao: expressao '/' . expressao

    '('            shift, and go to state 60
    TK_IDENTIFIER  shift, and go to state 61
    LIT_INT        shift, and go to state 62
    LIT_CHAR       shift, and go to state 63
    LIT_REAL       shift, and go to state 64
    LIT_FALSE      shift, and go to state 65
    LIT_TRUE       shift, and go to state 66

    vetor           go to state 67
    expressao       go to state 116
    chamada_funcao  go to state 69


state 93

   47 expressao: expressao '<' . expressao

    '('            shift, and go to state 60
    TK_IDENTIFIER  shift, and go to state 61
    LIT_INT        shift, and go to state 62
    LIT_CHAR       shift, and go to state 63
    LIT_REAL       shift, and go to state 64
    LIT_FALSE      shift, and go to state 65
    LIT_TRUE       shift, and go to state 66

    vetor           go to state 67
    expressao       go to state 117
    chamada_funcao  go to state 69


state 94

   48 expressao: expressao '>' . expressao

    '('            shift, and go to state 60
    TK_IDENTIFIER  shift, and go to state 61
    LIT_INT        shift, and go to state 62
    LIT_CHAR       shift, and go to state 63
    LIT_REAL       shift, and go to state 64
    LIT_FALSE      shift, and go to state 65
    LIT_TRUE       shift, and go to state 66

    vetor           go to state 67
    expressao       go to state 118
    chamada_funcao  go to state 69


state 95

   50 expressao: expressao '&' . expressao

    '('            shift, and go to state 60
    TK_IDENTIFIER  shift, and go to state 61
    LIT_INT        shift, and go to state 62
    LIT_CHAR       shift, and go to state 63
    LIT_REAL       shift, and go to state 64
    LIT_FALSE      shift, and go to state 65
    LIT_TRUE       shift, and go to state 66

    vetor           go to state 67
    expressao       go to state 119
    chamada_funcao  go to state 69


state 96

   49 expressao: expressao '|' . expressao

    '('            shift, and go to state 60
    TK_IDENTIFIER  shift, and go to state 61
    LIT_INT        shift, and go to state 62
    LIT_CHAR       shift, and go to state 63
    LIT_REAL       shift, and go to state 64
    LIT_FALSE      shift, and go to state 65
    LIT_TRUE       shift, and go to state 66

    vetor           go to state 67
    expressao       go to state 120
    chamada_funcao  go to state 69


state 97

   38 vetor: TK_IDENTIFIER '[' TK_IDENTIFIER . ']'

    ']'  shift, and go to state 121


state 98

   37 vetor: TK_IDENTIFIER '[' LIT_INT . ']'

    ']'  shift, and go to state 122


state 99

   35 atribuicao: TK_IDENTIFIER '=' expressao . ';'
   43 expressao: expressao . '+' expressao
   44          | expressao . '-' expressao
   45          | expressao . '*' expressao
   46          | expressao . '/' expressao
   47          | expressao . '<' expressao
   48          | expressao . '>' expressao
   49          | expressao . '|' expressao
   50          | expressao . '&' expressao
   51          | expressao . OPERATOR_LE expressao
   52          | expressao . OPERATOR_GE expressao
   53          | expressao . OPERATOR_EQ expressao
   54          | expressao . OPERATOR_DIF expressao

    OPERATOR_LE   shift, and go to state 84
    OPERATOR_GE   shift, and go to state 85
    OPERATOR_EQ   shift, and go to state 86
    OPERATOR_DIF  shift, and go to state 87
    ';'           shift, and go to state 123
    '+'           shift, and go to state 89
    '-'           shift, and go to state 90
    '*'           shift, and go to state 91
    '/'           shift, and go to state 92
    '<'           shift, and go to state 93
    '>'           shift, and go to state 94
    '&'           shift, and go to state 95
    '|'           shift, and go to state 96


state 100

   36 atribuicao: vetor '=' expressao . ';'
   43 expressao: expressao . '+' expressao
   44          | expressao . '-' expressao
   45          | expressao . '*' expressao
   46          | expressao . '/' expressao
   47          | expressao . '<' expressao
   48          | expressao . '>' expressao
   49          | expressao . '|' expressao
   50          | expressao . '&' expressao
   51          | expressao . OPERATOR_LE expressao
   52          | expressao . OPERATOR_GE expressao
   53          | expressao . OPERATOR_EQ expressao
   54          | expressao . OPERATOR_DIF expressao

    OPERATOR_LE   shift, and go to state 84
    OPERATOR_GE   shift, and go to state 85
    OPERATOR_EQ   shift, and go to state 86
    OPERATOR_DIF  shift, and go to state 87
    ';'           shift, and go to state 124
    '+'           shift, and go to state 89
    '-'           shift, and go to state 90
    '*'           shift, and go to state 91
    '/'           shift, and go to state 92
    '<'           shift, and go to state 93
    '>'           shift, and go to state 94
    '&'           shift, and go to state 95
    '|'           shift, and go to state 96


state 101

   24 valores_iniciais: valor_inicial valores_iniciais .

    $default  reduce using rule 24 (valores_iniciais)


state 102

   39 controle_fluxo: KW_IF '(' expressao ')' . comando controle_fluxo_if

    KW_IF          shift, and go to state 38
    KW_WHILE       shift, and go to state 39
    KW_READ        shift, and go to state 40
    KW_PRINT       shift, and go to state 41
    KW_RETURN      shift, and go to state 42
    ';'            shift, and go to state 43
    '{'            shift, and go to state 32
    TK_IDENTIFIER  shift, and go to state 45

    bloco           go to state 46
    comando         go to state 125
    atribuicao      go to state 48
    vetor           go to state 49
    controle_fluxo  go to state 50


state 103

   40 controle_fluxo: KW_WHILE '(' expressao ')' . bloco

    '{'  shift, and go to state 32

    bloco  go to state 126


state 104

   29 comando: KW_READ tipo TK_IDENTIFIER ';' .

    $default  reduce using rule 29 (comando)


state 105

   31 comando: KW_PRINT tipo expressao ';' .

    $default  reduce using rule 31 (comando)


state 106

   55 expressao: '(' expressao ')' .

    $default  reduce using rule 55 (expressao)


state 107

   43 expressao: expressao . '+' expressao
   44          | expressao . '-' expressao
   45          | expressao . '*' expressao
   46          | expressao . '/' expressao
   47          | expressao . '<' expressao
   48          | expressao . '>' expressao
   49          | expressao . '|' expressao
   50          | expressao . '&' expressao
   51          | expressao . OPERATOR_LE expressao
   52          | expressao . OPERATOR_GE expressao
   53          | expressao . OPERATOR_EQ expressao
   54          | expressao . OPERATOR_DIF expressao
   67 lista_chamada: expressao . ',' lista_chamada
   68              | expressao .

    OPERATOR_LE   shift, and go to state 84
    OPERATOR_GE   shift, and go to state 85
    OPERATOR_EQ   shift, and go to state 86
    OPERATOR_DIF  shift, and go to state 87
    ','           shift, and go to state 127
    '+'           shift, and go to state 89
    '-'           shift, and go to state 90
    '*'           shift, and go to state 91
    '/'           shift, and go to state 92
    '<'           shift, and go to state 93
    '>'           shift, and go to state 94
    '&'           shift, and go to state 95
    '|'           shift, and go to state 96

    $default  reduce using rule 68 (lista_chamada)


state 108

   71 chamada_funcao: TK_IDENTIFIER '(' lista_chamada . ')'

    ')'  shift, and go to state 128


state 109

   43 expressao: expressao . '+' expressao
   44          | expressao . '-' expressao
   45          | expressao . '*' expressao
   46          | expressao . '/' expressao
   47          | expressao . '<' expressao
   48          | expressao . '>' expressao
   49          | expressao . '|' expressao
   50          | expressao . '&' expressao
   51          | expressao . OPERATOR_LE expressao
   51          | expressao OPERATOR_LE expressao .
   52          | expressao . OPERATOR_GE expressao
   53          | expressao . OPERATOR_EQ expressao
   54          | expressao . OPERATOR_DIF expressao

    '&'  shift, and go to state 95
    '|'  shift, and go to state 96

    $default  reduce using rule 51 (expressao)


state 110

   43 expressao: expressao . '+' expressao
   44          | expressao . '-' expressao
   45          | expressao . '*' expressao
   46          | expressao . '/' expressao
   47          | expressao . '<' expressao
   48          | expressao . '>' expressao
   49          | expressao . '|' expressao
   50          | expressao . '&' expressao
   51          | expressao . OPERATOR_LE expressao
   52          | expressao . OPERATOR_GE expressao
   52          | expressao OPERATOR_GE expressao .
   53          | expressao . OPERATOR_EQ expressao
   54          | expressao . OPERATOR_DIF expressao

    '&'  shift, and go to state 95
    '|'  shift, and go to state 96

    $default  reduce using rule 52 (expressao)


state 111

   43 expressao: expressao . '+' expressao
   44          | expressao . '-' expressao
   45          | expressao . '*' expressao
   46          | expressao . '/' expressao
   47          | expressao . '<' expressao
   48          | expressao . '>' expressao
   49          | expressao . '|' expressao
   50          | expressao . '&' expressao
   51          | expressao . OPERATOR_LE expressao
   52          | expressao . OPERATOR_GE expressao
   53          | expressao . OPERATOR_EQ expressao
   53          | expressao OPERATOR_EQ expressao .
   54          | expressao . OPERATOR_DIF expressao

    '&'  shift, and go to state 95
    '|'  shift, and go to state 96

    $default  reduce using rule 53 (expressao)


state 112

   43 expressao: expressao . '+' expressao
   44          | expressao . '-' expressao
   45          | expressao . '*' expressao
   46          | expressao . '/' expressao
   47          | expressao . '<' expressao
   48          | expressao . '>' expressao
   49          | expressao . '|' expressao
   50          | expressao . '&' expressao
   51          | expressao . OPERATOR_LE expressao
   52          | expressao . OPERATOR_GE expressao
   53          | expressao . OPERATOR_EQ expressao
   54          | expressao . OPERATOR_DIF expressao
   54          | expressao OPERATOR_DIF expressao .

    '&'  shift, and go to state 95
    '|'  shift, and go to state 96

    $default  reduce using rule 54 (expressao)


state 113

   43 expressao: expressao . '+' expressao
   43          | expressao '+' expressao .
   44          | expressao . '-' expressao
   45          | expressao . '*' expressao
   46          | expressao . '/' expressao
   47          | expressao . '<' expressao
   48          | expressao . '>' expressao
   49          | expressao . '|' expressao
   50          | expressao . '&' expressao
   51          | expressao . OPERATOR_LE expressao
   52          | expressao . OPERATOR_GE expressao
   53          | expressao . OPERATOR_EQ expressao
   54          | expressao . OPERATOR_DIF expressao

    OPERATOR_LE   shift, and go to state 84
    OPERATOR_GE   shift, and go to state 85
    OPERATOR_EQ   shift, and go to state 86
    OPERATOR_DIF  shift, and go to state 87
    '*'           shift, and go to state 91
    '/'           shift, and go to state 92
    '<'           shift, and go to state 93
    '>'           shift, and go to state 94
    '&'           shift, and go to state 95
    '|'           shift, and go to state 96

    $default  reduce using rule 43 (expressao)


state 114

   43 expressao: expressao . '+' expressao
   44          | expressao . '-' expressao
   44          | expressao '-' expressao .
   45          | expressao . '*' expressao
   46          | expressao . '/' expressao
   47          | expressao . '<' expressao
   48          | expressao . '>' expressao
   49          | expressao . '|' expressao
   50          | expressao . '&' expressao
   51          | expressao . OPERATOR_LE expressao
   52          | expressao . OPERATOR_GE expressao
   53          | expressao . OPERATOR_EQ expressao
   54          | expressao . OPERATOR_DIF expressao

    OPERATOR_LE   shift, and go to state 84
    OPERATOR_GE   shift, and go to state 85
    OPERATOR_EQ   shift, and go to state 86
    OPERATOR_DIF  shift, and go to state 87
    '*'           shift, and go to state 91
    '/'           shift, and go to state 92
    '<'           shift, and go to state 93
    '>'           shift, and go to state 94
    '&'           shift, and go to state 95
    '|'           shift, and go to state 96

    $default  reduce using rule 44 (expressao)


state 115

   43 expressao: expressao . '+' expressao
   44          | expressao . '-' expressao
   45          | expressao . '*' expressao
   45          | expressao '*' expressao .
   46          | expressao . '/' expressao
   47          | expressao . '<' expressao
   48          | expressao . '>' expressao
   49          | expressao . '|' expressao
   50          | expressao . '&' expressao
   51          | expressao . OPERATOR_LE expressao
   52          | expressao . OPERATOR_GE expressao
   53          | expressao . OPERATOR_EQ expressao
   54          | expressao . OPERATOR_DIF expressao

    OPERATOR_LE   shift, and go to state 84
    OPERATOR_GE   shift, and go to state 85
    OPERATOR_EQ   shift, and go to state 86
    OPERATOR_DIF  shift, and go to state 87
    '<'           shift, and go to state 93
    '>'           shift, and go to state 94
    '&'           shift, and go to state 95
    '|'           shift, and go to state 96

    $default  reduce using rule 45 (expressao)


state 116

   43 expressao: expressao . '+' expressao
   44          | expressao . '-' expressao
   45          | expressao . '*' expressao
   46          | expressao . '/' expressao
   46          | expressao '/' expressao .
   47          | expressao . '<' expressao
   48          | expressao . '>' expressao
   49          | expressao . '|' expressao
   50          | expressao . '&' expressao
   51          | expressao . OPERATOR_LE expressao
   52          | expressao . OPERATOR_GE expressao
   53          | expressao . OPERATOR_EQ expressao
   54          | expressao . OPERATOR_DIF expressao

    OPERATOR_LE   shift, and go to state 84
    OPERATOR_GE   shift, and go to state 85
    OPERATOR_EQ   shift, and go to state 86
    OPERATOR_DIF  shift, and go to state 87
    '<'           shift, and go to state 93
    '>'           shift, and go to state 94
    '&'           shift, and go to state 95
    '|'           shift, and go to state 96

    $default  reduce using rule 46 (expressao)


state 117

   43 expressao: expressao . '+' expressao
   44          | expressao . '-' expressao
   45          | expressao . '*' expressao
   46          | expressao . '/' expressao
   47          | expressao . '<' expressao
   47          | expressao '<' expressao .
   48          | expressao . '>' expressao
   49          | expressao . '|' expressao
   50          | expressao . '&' expressao
   51          | expressao . OPERATOR_LE expressao
   52          | expressao . OPERATOR_GE expressao
   53          | expressao . OPERATOR_EQ expressao
   54          | expressao . OPERATOR_DIF expressao

    '&'  shift, and go to state 95
    '|'  shift, and go to state 96

    $default  reduce using rule 47 (expressao)


state 118

   43 expressao: expressao . '+' expressao
   44          | expressao . '-' expressao
   45          | expressao . '*' expressao
   46          | expressao . '/' expressao
   47          | expressao . '<' expressao
   48          | expressao . '>' expressao
   48          | expressao '>' expressao .
   49          | expressao . '|' expressao
   50          | expressao . '&' expressao
   51          | expressao . OPERATOR_LE expressao
   52          | expressao . OPERATOR_GE expressao
   53          | expressao . OPERATOR_EQ expressao
   54          | expressao . OPERATOR_DIF expressao

    '&'  shift, and go to state 95
    '|'  shift, and go to state 96

    $default  reduce using rule 48 (expressao)


state 119

   43 expressao: expressao . '+' expressao
   44          | expressao . '-' expressao
   45          | expressao . '*' expressao
   46          | expressao . '/' expressao
   47          | expressao . '<' expressao
   48          | expressao . '>' expressao
   49          | expressao . '|' expressao
   50          | expressao . '&' expressao
   50          | expressao '&' expressao .
   51          | expressao . OPERATOR_LE expressao
   52          | expressao . OPERATOR_GE expressao
   53          | expressao . OPERATOR_EQ expressao
   54          | expressao . OPERATOR_DIF expressao

    $default  reduce using rule 50 (expressao)


state 120

   43 expressao: expressao . '+' expressao
   44          | expressao . '-' expressao
   45          | expressao . '*' expressao
   46          | expressao . '/' expressao
   47          | expressao . '<' expressao
   48          | expressao . '>' expressao
   49          | expressao . '|' expressao
   49          | expressao '|' expressao .
   50          | expressao . '&' expressao
   51          | expressao . OPERATOR_LE expressao
   52          | expressao . OPERATOR_GE expressao
   53          | expressao . OPERATOR_EQ expressao
   54          | expressao . OPERATOR_DIF expressao

    $default  reduce using rule 49 (expressao)


state 121

   38 vetor: TK_IDENTIFIER '[' TK_IDENTIFIER ']' .

    $default  reduce using rule 38 (vetor)


state 122

   37 vetor: TK_IDENTIFIER '[' LIT_INT ']' .

    $default  reduce using rule 37 (vetor)


state 123

   35 atribuicao: TK_IDENTIFIER '=' expressao ';' .

    $default  reduce using rule 35 (atribuicao)


state 124

   36 atribuicao: vetor '=' expressao ';' .

    $default  reduce using rule 36 (atribuicao)


state 125

   39 controle_fluxo: KW_IF '(' expressao ')' comando . controle_fluxo_if

    KW_ELSE  shift, and go to state 129

    KW_ELSE   [reduce using rule 41 (controle_fluxo_if)]
    $default  reduce using rule 41 (controle_fluxo_if)

    controle_fluxo_if  go to state 130


state 126

   40 controle_fluxo: KW_WHILE '(' expressao ')' bloco .

    $default  reduce using rule 40 (controle_fluxo)


state 127

   67 lista_chamada: expressao ',' . lista_chamada

    '('            shift, and go to state 60
    TK_IDENTIFIER  shift, and go to state 61
    LIT_INT        shift, and go to state 62
    LIT_CHAR       shift, and go to state 63
    LIT_REAL       shift, and go to state 64
    LIT_FALSE      shift, and go to state 65
    LIT_TRUE       shift, and go to state 66

    $default  reduce using rule 66 (lista_chamada)

    vetor           go to state 67
    expressao       go to state 107
    lista_chamada   go to state 131
    chamada_funcao  go to state 69


state 128

   71 chamada_funcao: TK_IDENTIFIER '(' lista_chamada ')' .

    $default  reduce using rule 71 (chamada_funcao)


state 129

   42 controle_fluxo_if: KW_ELSE . comando

    KW_IF          shift, and go to state 38
    KW_WHILE       shift, and go to state 39
    KW_READ        shift, and go to state 40
    KW_PRINT       shift, and go to state 41
    KW_RETURN      shift, and go to state 42
    ';'            shift, and go to state 43
    '{'            shift, and go to state 32
    TK_IDENTIFIER  shift, and go to state 45

    bloco           go to state 46
    comando         go to state 132
    atribuicao      go to state 48
    vetor           go to state 49
    controle_fluxo  go to state 50


state 130

   39 controle_fluxo: KW_IF '(' expressao ')' comando controle_fluxo_if .

    $default  reduce using rule 39 (controle_fluxo)


state 131

   67 lista_chamada: expressao ',' lista_chamada .

    $default  reduce using rule 67 (lista_chamada)


state 132

   42 controle_fluxo_if: KW_ELSE comando .

    $default  reduce using rule 42 (controle_fluxo_if)
